*design* DebussyLib (btIdent Verdi_O-2018.09-SP2)
Command arguments:
    +define+verilog
    -f ./file.f
        /home/xuhao/moddiv/mochu_moni_32/vsrc/MINV_FLA_REG_modify.v
        /home/xuhao/moddiv/mochu_moni_32/vsrc/RR_SHI_REG_MDY_SET.v
        /home/xuhao/moddiv/mochu_moni_32/vsrc/MINV_REG_H2B.v
        /home/xuhao/moddiv/mochu_moni_32/vsrc/BCLA_ADD_4.v
        /home/xuhao/moddiv/mochu_moni_32/vsrc/MUX51_16.v
        /home/xuhao/moddiv/mochu_moni_32/vsrc/COUNTER.v
        /home/xuhao/moddiv/mochu_moni_32/vsrc/SHI_REG_256.v
        /home/xuhao/moddiv/mochu_moni_32/vsrc/MUX21.v
        /home/xuhao/moddiv/mochu_moni_32/vsrc/RR_SHI_REG_MDY_CLR.v
        /home/xuhao/moddiv/mochu_moni_32/vsrc/RR_SHI_REG_256.v
        /home/xuhao/moddiv/mochu_moni_32/vsrc/MINV_REG_V.v
        /home/xuhao/moddiv/mochu_moni_32/vsrc/MINV_MDIV_CONTROL.v
        /home/xuhao/moddiv/mochu_moni_32/vsrc/MINV_MDIV_tb.v
        /home/xuhao/moddiv/mochu_moni_32/vsrc/MUX21_16.v
        /home/xuhao/moddiv/mochu_moni_32/vsrc/CYC_SHI_REG_256.v
        /home/xuhao/moddiv/mochu_moni_32/vsrc/REG_16.v
        /home/xuhao/moddiv/mochu_moni_32/vsrc/REG_16_SET.v
        /home/xuhao/moddiv/mochu_moni_32/vsrc/MINV_MDIV.v
        /home/xuhao/moddiv/mochu_moni_32/vsrc/MINV_REG_X1.v
        /home/xuhao/moddiv/mochu_moni_32/vsrc/REG_16_CLR.v
        /home/xuhao/moddiv/mochu_moni_32/vsrc/RDY_FLA_REG.v
        /home/xuhao/moddiv/mochu_moni_32/vsrc/BCLA_ADD_16.v
        /home/xuhao/moddiv/mochu_moni_32/vsrc/U_FLA_REG.v
        /home/xuhao/moddiv/mochu_moni_32/vsrc/MINV_MDIV_DATAPATH.v
        /home/xuhao/moddiv/mochu_moni_32/vsrc/MINV_REG_U_T.v
        /home/xuhao/moddiv/mochu_moni_32/vsrc/RR_SHI_REG_MDY.v
        /home/xuhao/moddiv/mochu_moni_32/vsrc/MINV_REG_X2.v
        /home/xuhao/moddiv/mochu_moni_32/vsrc/MUX61_16.v
        /home/xuhao/moddiv/mochu_moni_32/vsrc/DFF0.v

Highest level modules:
MINV_MDIV_tb
REG_32_SET

Total	0 error(s),   0 warning(s)
